<?xml version="1.0" encoding="UTF-8"?>
<!-- Generated by org.testng.reporters.JUnitXMLReporter -->
<testsuite hostname="DESKTOP-F52NN2U" failures="0" tests="3" name="Validating weather" time="14.827" errors="0" timestamp="8 Jul 2020 15:58:36 GMT">
  <testcase classname="APIandGUIAutomation.WeatherComparator.WeatherTest" name="basepagenavigation" time="6.85"/>
  <testcase classname="APIandGUIAutomation.WeatherComparator.WeatherTest" name="locateYourCityOnMapTest" time="2.378"/>
  <testcase classname="APIandGUIAutomation.WeatherComparator.WeatherTest" name="validateweatherinfo" time="0.224"/>
</testsuite> <!-- Validating weather -->
