<?xml version="1.0" encoding="UTF-8"?>
<testng-results total="3" passed="3" failed="0" skipped="0">
  <reporter-output>
  </reporter-output>
  <suite started-at="2020-07-08T15:58:21Z" name="Suite" finished-at="2020-07-08T15:58:36Z" duration-ms="14827">
    <groups>
    </groups>
    <test started-at="2020-07-08T15:58:21Z" name="Validating weather" finished-at="2020-07-08T15:58:36Z" duration-ms="14827">
      <class name="APIandGUIAutomation.WeatherComparator.WeatherTest">
        <test-method is-config="true" signature="initializeDriver()[pri:0, instance:APIandGUIAutomation.WeatherComparator.WeatherTest@163370c2]" started-at="2020-07-08T21:28:21Z" name="initializeDriver" finished-at="2020-07-08T21:28:26Z" duration-ms="4855" status="PASS">
          <reporter-output>
          </reporter-output>
        </test-method> <!-- initializeDriver -->
        <test-method signature="basepagenavigation()[pri:1, instance:APIandGUIAutomation.WeatherComparator.WeatherTest@163370c2]" started-at="2020-07-08T21:28:26Z" name="basepagenavigation" finished-at="2020-07-08T21:28:33Z" duration-ms="6850" status="PASS">
          <reporter-output>
          </reporter-output>
        </test-method> <!-- basepagenavigation -->
        <test-method signature="locateYourCityOnMapTest()[pri:2, instance:APIandGUIAutomation.WeatherComparator.WeatherTest@163370c2]" started-at="2020-07-08T21:28:33Z" name="locateYourCityOnMapTest" finished-at="2020-07-08T21:28:35Z" duration-ms="2378" status="PASS">
          <reporter-output>
          </reporter-output>
        </test-method> <!-- locateYourCityOnMapTest -->
        <test-method signature="validateweatherinfo()[pri:3, instance:APIandGUIAutomation.WeatherComparator.WeatherTest@163370c2]" started-at="2020-07-08T21:28:35Z" name="validateweatherinfo" finished-at="2020-07-08T21:28:36Z" duration-ms="224" status="PASS">
          <reporter-output>
          </reporter-output>
        </test-method> <!-- validateweatherinfo -->
        <test-method is-config="true" signature="teardown()[pri:0, instance:APIandGUIAutomation.WeatherComparator.WeatherTest@163370c2]" started-at="2020-07-08T21:28:36Z" name="teardown" finished-at="2020-07-08T21:28:36Z" duration-ms="492" status="PASS">
          <reporter-output>
          </reporter-output>
        </test-method> <!-- teardown -->
      </class> <!-- APIandGUIAutomation.WeatherComparator.WeatherTest -->
    </test> <!-- Validating weather -->
  </suite> <!-- Suite -->
</testng-results>
